Logfile initialized
[INFO] logfile = /home/addiel/Titanium Studio Workspace/dia2/build.log
[DEBUG] /home/addiel/.titanium/mobilesdk/linux/2.1.1.GA/android/builder.py simulator dia2 /home/addiel/developer/android linux/android-sdk-linux_x86 /home/addiel/Titanium Studio Workspace/dia2 com.upiicsa.dia2 8 WVGA800 
[INFO] Building dia2 for Android ... one moment
[INFO] Titanium SDK version: 2.1.1 (07/27/12 14:01 0fd84a2)
[DEBUG] Waiting for device to be ready ...
[TRACE] adb devices returned 1 devices/emulators
[DEBUG] Device connected... (waited 0 seconds)
[DEBUG] waited 0.017425 seconds on emulator to get ready
[DEBUG] com.upiicsa.dia2 installed? True
[INFO] Fastdev server running, deploying in Fastdev mode
[INFO] Copying CommonJS modules...
[INFO] Copying project resources..
[TRACE] COPYING MODIFIED FILE: /home/addiel/Titanium Studio Workspace/dia2/Resources/ui/web.js => /home/addiel/Titanium Studio Workspace/dia2/build/android/bin/assets/Resources/ui/web.js
[INFO] Tiapp.xml unchanged, skipping class generation
[DEBUG] Processing Android resource drawables
[DEBUG] found drawable-long-land-ldpi splash screen at /home/addiel/Titanium Studio Workspace/dia2/Resources/android/images/res-long-land-ldpi/default.png
[DEBUG] found drawable-notlong-port-mdpi splash screen at /home/addiel/Titanium Studio Workspace/dia2/Resources/android/images/res-notlong-port-mdpi/default.png
[DEBUG] found drawable-long-port-ldpi splash screen at /home/addiel/Titanium Studio Workspace/dia2/Resources/android/images/res-long-port-ldpi/default.png
[DEBUG] found drawable-notlong-port-ldpi splash screen at /home/addiel/Titanium Studio Workspace/dia2/Resources/android/images/res-notlong-port-ldpi/default.png
[DEBUG] found drawable-notlong-land-ldpi splash screen at /home/addiel/Titanium Studio Workspace/dia2/Resources/android/images/res-notlong-land-ldpi/default.png
[DEBUG] found drawable-notlong-land-hdpi splash screen at /home/addiel/Titanium Studio Workspace/dia2/Resources/android/images/res-notlong-land-hdpi/default.png
[DEBUG] found drawable-long-port-hdpi splash screen at /home/addiel/Titanium Studio Workspace/dia2/Resources/android/images/res-long-port-hdpi/default.png
[DEBUG] found drawable-long-land-hdpi splash screen at /home/addiel/Titanium Studio Workspace/dia2/Resources/android/images/res-long-land-hdpi/default.png
[DEBUG] found drawable-notlong-land-mdpi splash screen at /home/addiel/Titanium Studio Workspace/dia2/Resources/android/images/res-notlong-land-mdpi/default.png
[DEBUG] found drawable-notlong-port-hdpi splash screen at /home/addiel/Titanium Studio Workspace/dia2/Resources/android/images/res-notlong-port-hdpi/default.png
[INFO] Waiting for SDCard to become available..
[INFO] Re-launching application ... dia2
[INFO] Launching application ... dia2
[TRACE] Launch output: Starting: Intent { act=android.intent.action.MAIN cat=[android.intent.category.LAUNCHER] cmp=com.upiicsa.dia2/.Dia2Activity }

